Build started 20-03-2012 15:42:20.
     1>Project "C:\Users\Admin\documents\visual studio 2010\Projects\lol\lol\lol.vcxproj" on node 2 (build target(s)).
     1>InitializeBuildStatus:
         Creating "Debug\lol.unsuccessfulbuild" because "AlwaysCreate" was specified.
       ClCompile:
         All outputs are up-to-date.
       Link:
         C:\Program Files (x86)\Microsoft Visual Studio 10.0\VC\bin\link.exe /ERRORREPORT:PROMPT /OUT:"C:\Users\Admin\documents\visual studio 2010\Projects\lol\Debug\lol.exe" /NOLOGO kernel32.lib user32.lib gdi32.lib winspool.lib comdlg32.lib advapi32.lib shell32.lib ole32.lib oleaut32.lib uuid.lib odbc32.lib odbccp32.lib /MANIFEST /ManifestFile:"Debug\lol.exe.intermediate.manifest" /MANIFESTUAC:"level='asInvoker' uiAccess='false'" /DEBUG /PDB:"C:\Users\Admin\documents\visual studio 2010\Projects\lol\Debug\lol.pdb" /TLBID:1 /DYNAMICBASE /NXCOMPAT /IMPLIB:"C:\Users\Admin\documents\visual studio 2010\Projects\lol\Debug\lol.lib" /MACHINE:X86 Debug\glm.obj
         Debug\imageloader.obj
         Debug\yash.obj
         LINK : C:\Users\Admin\documents\visual studio 2010\Projects\lol\Debug\lol.exe not found or not built by the last incremental link; performing full link
         lol.vcxproj -> C:\Users\Admin\documents\visual studio 2010\Projects\lol\Debug\lol.exe
       Manifest:
         C:\Program Files (x86)\Microsoft SDKs\Windows\v7.0A\bin\mt.exe /nologo /verbose /outputresource:"C:\Users\Admin\documents\visual studio 2010\Projects\lol\Debug\lol.exe;#1" /manifest Debug\lol.exe.intermediate.manifest
       FinalizeBuildStatus:
         Deleting file "Debug\lol.unsuccessfulbuild".
         Touching "Debug\lol.lastbuildstate".
     1>Done Building Project "C:\Users\Admin\documents\visual studio 2010\Projects\lol\lol\lol.vcxproj" (build target(s)).

Build succeeded.

Time Elapsed 00:00:03.23
